{"level":"info","message":"Hola mundo","service":"user-service"}
{"level":"info","message":"Hola mundo"}
{"level":"info","message":"Hola mundo","service":"app.js"}
{"level":"info","message":"Hola mundo","service":"app.js"}
{"level":"info","message":"Hola mundo","service":"app.js"}
{"level":"info","message":"Hola mundo","service":"app.js"}
{"level":"info","message":"Hola mundo","service":"app.js"}
{"level":"info","message":"Hola mundo","service":"app.js"}
{"level":"info","message":"Hola mundo","service":"app.js"}
{"level":"info","message":"Hola mundo","service":"app.js"}
{"level":"info","message":"Hola mundo","service":"app.js"}
{"level":"info","message":"Hola mundo","service":"app.js"}
{"level":"info","message":"Hola mundo","service":"app.js"}
{"level":"error","message":"error","service":"app.js"}
{"level":"info","message":"Hola mundo","service":"app.js"}
{"level":"error","message":"error some eror","service":"app.js"}
{"level":"info","message":"Hola mundo","service":"app.js"}
{"level":"error","message":"error some er","service":"app.js"}
{"level":"info","message":"Hola mundo","service":"app.js"}
{"level":"error","message":"error some error","service":"app.js"}
{"level":"info","message":"Hola mundo","service":"app.js"}
{"level":"error","message":"error Some error","service":"app.js"}
{"level":"info","message":"Hola mundo","service":"app.js"}
{"level":"error","message":"error Some error","service":"app.js"}
{"level":"info","message":"Hola mundo","service":"app.js"}
{"level":"error","message":"error Some error","service":"app.js"}
{"level":"info","message":"Hola mundo","service":"app.js"}
{"level":"error","message":"error Some error","service":"app.js"}
{"level":"info","message":"Hola mundo","service":"app.js"}
{"level":"error","message":"error Some error","service":"app.js"}
{"level":"info","message":"Hola mundo","service":"app.js"}
{"level":"error","message":"error Some error","service":"app.js"}
{"level":"info","message":"Hola mundo","service":"app.js"}
{"level":"error","message":"error Some error","service":"app.js"}
{"level":"info","message":"Hola mundo","service":"app.js"}
{"level":"error","message":"error Some error","service":"app.js"}
{"level":"info","message":"Hola mundo","service":"app.js"}
{"at":"2024-07-30T14:16:22.492Z","level":"error","message":"error Some error","service":"app.js"}
{"level":"info","message":"Hola mundo","service":"app.js"}
{"level":"error","message":"error Some error","service":"app.js"}
{"level":"info","message":"Hola mundo","service":"app.js"}
{"level":"error","message":"error Some error","service":"app.js"}
{"level":"info","message":"Hola mundo","service":"app.js"}
{"level":"error","message":"error Some error","service":"app.js"}
{"level":"info","message":"Hola mundo","service":"app.js"}
{"level":"error","message":"error Some error","service":"app.js"}
undefined
undefined
undefined
undefined
undefined
undefined
{"level":"info","message":"Hola mundo","service":"app.js","timestamp":"2024-07-30T14:18:25.603Z"}
{"level":"error","message":"error Some error","service":"app.js","timestamp":"2024-07-30T14:18:25.604Z"}
{"level":"info","message":"Hola mundo","service":"app.js","timestamp":"2024-07-30T14:18:28.745Z"}
{"level":"error","message":"error Some error","service":"app.js","timestamp":"2024-07-30T14:18:28.747Z"}
undefined
undefined
{"level":"info","message":"Hola mundo","service":"app.js","timestamp":"2024-07-30T14:18:47.197Z"}
{"level":"error","message":"error Some error","service":"app.js","timestamp":"2024-07-30T14:18:47.198Z"}
